<?xml version="1.0" encoding="UTF-8"?>
<testsuite xmlns:xsi="http://www.w3.org/2001/XMLSchema-instance" xsi:noNamespaceSchemaLocation="https://maven.apache.org/surefire/maven-surefire-plugin/xsd/surefire-test-report-3.0.xsd" version="3.0" name="com.app.SpringBootDataJpaH2ApplicationTests" time="13.377" tests="1" errors="0" skipped="0" failures="0">
  <properties>
[...]
</properties>
  <testcase name="contextLoads" classname="com.app.SpringBootDataJpaH2ApplicationTests" time="1.564">
    <system-out><![CDATA[12:09:03.887 [main] INFO org.springframework.test.context.support.AnnotationConfigContextLoaderUtils -- Could not detect default configuration classes for test class [com.app.SpringBootDataJpaH2ApplicationTests]: SpringBootDataJpaH2ApplicationTests does not declare any static, non-private, non-final, nested classes annotated with @Configuration.
12:09:04.194 [main] INFO org.springframework.boot.test.context.SpringBootTestContextBootstrapper -- Found @SpringBootConfiguration com.app.SpringBootDataJpaH2Application for test class com.app.SpringBootDataJpaH2ApplicationTests
12:09:04.648 [main] INFO org.springframework.boot.devtools.restart.RestartApplicationListener -- Restart disabled due to context in which it is running

  .   ____          _            __ _ _
 /\\ / ___'_ __ _ _(_)_ __  __ _ \ \ \ \
( ( )\___ | '_ | '_| | '_ \/ _` | \ \ \ \
 \\/  ___)| |_)| | | | | || (_| |  ) ) ) )
  '  |____| .__|_| |_|_| |_\__, | / / / /
 =========|_|==============|___/=/_/_/_/
 :: Spring Boot ::                (v3.2.0)

2025-02-19T12:09:05.395+05:30  INFO 6236 --- [           main] c.a.SpringBootDataJpaH2ApplicationTests  : Starting SpringBootDataJpaH2ApplicationTests using Java 17.0.10 with PID 6236 (started by vvrav in D:\techm stuff training\spring-boot-data-jpa-h2)
2025-02-19T12:09:05.401+05:30  INFO 6236 --- [           main] c.a.SpringBootDataJpaH2ApplicationTests  : No active profile set, falling back to 1 default profile: "default"
2025-02-19T12:09:07.153+05:30  INFO 6236 --- [           main] .s.d.r.c.RepositoryConfigurationDelegate : Bootstrapping Spring Data JPA repositories in DEFAULT mode.
2025-02-19T12:09:07.299+05:30  INFO 6236 --- [           main] .s.d.r.c.RepositoryConfigurationDelegate : Finished Spring Data repository scanning in 123 ms. Found 1 JPA repository interface.
2025-02-19T12:09:08.581+05:30  INFO 6236 --- [           main] com.zaxxer.hikari.HikariDataSource       : HikariPool-1 - Starting...
2025-02-19T12:09:09.161+05:30  INFO 6236 --- [           main] com.zaxxer.hikari.pool.HikariPool        : HikariPool-1 - Added connection conn0: url=jdbc:h2:mem:225715c9-2ca4-4f0e-a3d9-93febccefaf7 user=SA
2025-02-19T12:09:09.166+05:30  INFO 6236 --- [           main] com.zaxxer.hikari.HikariDataSource       : HikariPool-1 - Start completed.
2025-02-19T12:09:09.289+05:30  INFO 6236 --- [           main] o.hibernate.jpa.internal.util.LogHelper  : HHH000204: Processing PersistenceUnitInfo [name: default]
2025-02-19T12:09:09.466+05:30  INFO 6236 --- [           main] org.hibernate.Version                    : HHH000412: Hibernate ORM core version 6.3.1.Final
2025-02-19T12:09:09.609+05:30  INFO 6236 --- [           main] o.h.c.internal.RegionFactoryInitiator    : HHH000026: Second-level cache disabled
2025-02-19T12:09:10.318+05:30  INFO 6236 --- [           main] o.s.o.j.p.SpringPersistenceUnitInfo      : No LoadTimeWeaver setup: ignoring JPA class transformer
2025-02-19T12:09:12.649+05:30  INFO 6236 --- [           main] o.h.e.t.j.p.i.JtaPlatformInitiator       : HHH000489: No JTA platform available (set 'hibernate.transaction.jta.platform' to enable JTA platform integration)
Hibernate: drop table if exists product cascade 
Hibernate: drop sequence if exists product_seq
Hibernate: create sequence product_seq start with 1 increment by 50
Hibernate: create table product (prod_cost float(53) not null, prod_id integer not null, prod_color varchar(255), prod_name varchar(255), primary key (prod_id))
2025-02-19T12:09:12.736+05:30  INFO 6236 --- [           main] j.LocalContainerEntityManagerFactoryBean : Initialized JPA EntityManagerFactory for persistence unit 'default'
2025-02-19T12:09:13.656+05:30  WARN 6236 --- [           main] JpaBaseConfiguration$JpaWebConfiguration : spring.jpa.open-in-view is enabled by default. Therefore, database queries may be performed during view rendering. Explicitly configure spring.jpa.open-in-view to disable this warning
2025-02-19T12:09:14.442+05:30  INFO 6236 --- [           main] o.s.b.a.h2.H2ConsoleAutoConfiguration    : H2 console available at '/h2'. Database available at 'jdbc:h2:mem:225715c9-2ca4-4f0e-a3d9-93febccefaf7'
2025-02-19T12:09:14.558+05:30  INFO 6236 --- [           main] c.a.SpringBootDataJpaH2ApplicationTests  : Started SpringBootDataJpaH2ApplicationTests in 9.968 seconds (process running for 13.734)
Hibernate: select next value for product_seq
Hibernate: insert into product (prod_color,prod_cost,prod_name,prod_id) values (?,?,?,?)
Hibernate: select next value for product_seq
Hibernate: insert into product (prod_color,prod_cost,prod_name,prod_id) values (?,?,?,?)
Hibernate: insert into product (prod_color,prod_cost,prod_name,prod_id) values (?,?,?,?)
Hibernate: select p1_0.prod_id,p1_0.prod_color,p1_0.prod_cost,p1_0.prod_name from product p1_0 where p1_0.prod_id=?
No Data foound
Hibernate: select p1_0.prod_id,p1_0.prod_color,p1_0.prod_cost,p1_0.prod_name from product p1_0
Product[prodId=1,prodName=Pen,prodCost=6.8,prodColor=Blue]
Product[prodId=2,prodName=Mobile,prodCost=50000.9,prodColor=Black]
Product[prodId=3,prodName=LapTop,prodCost=75000.0,prodColor=Grey]
]]></system-out>
  </testcase>
</testsuite>